d:\programowanie\cheat-menu\release\cheat-menu.ipdb
d:\programowanie\cheat-menu\release\cheat-menu.iobj
d:\programowanie\cheat-menu\release\vc142.pdb
d:\programowanie\cheat-menu\release\imgui_widgets.obj
d:\programowanie\cheat-menu\release\imgui_tables.obj
d:\programowanie\cheat-menu\release\imgui_impl_win32.obj
d:\programowanie\cheat-menu\release\imgui_impl_dx9.obj
d:\programowanie\cheat-menu\release\imgui_draw.obj
d:\programowanie\cheat-menu\release\imgui_demo.obj
d:\programowanie\cheat-menu\release\imgui.obj
d:\programowanie\cheat-menu\release\tictactoegui.obj
d:\programowanie\cheat-menu\release\main.obj
d:\programowanie\cheat-menu\release\gui.obj
d:\programowanie\cheat-menu\release\tictactoe.obj
d:\programowanie\cheat-menu\release\cheat-menu.exe
d:\programowanie\cheat-menu\release\cheat-menu.pdb
d:\programowanie\cheat-menu\release\cheat-menu.tlog\cheat-menu.write.1u.tlog
d:\programowanie\cheat-menu\release\cheat-menu.tlog\cl.command.1.tlog
d:\programowanie\cheat-menu\release\cheat-menu.tlog\cl.read.1.tlog
d:\programowanie\cheat-menu\release\cheat-menu.tlog\cl.write.1.tlog
d:\programowanie\cheat-menu\release\cheat-menu.tlog\link.command.1.tlog
d:\programowanie\cheat-menu\release\cheat-menu.tlog\link.read.1.tlog
d:\programowanie\cheat-menu\release\cheat-menu.tlog\link.write.1.tlog
